<?xml version="1.0" encoding="UTF-8"?>
<!-- Generated by org.testng.reporters.JUnitXMLReporter -->
<testsuite hostname="EXPNXT-TI9772" ignored="0" tests="10" failures="1" timestamp="19 Oct 2019 18:11:15 GMT" time="22.353" errors="0">
  <testcase name="getIssuesList" time="3.382" classname="IssueList"/>
  <testcase name="getIssuesListByID" time="0.816" classname="IssueList"/>
  <testcase name="getIssuesListByID" time="0.996" classname="IssueList"/>
  <testcase name="getIssuesListByQuery" time="1.0" classname="IssueList"/>
  <testcase name="getIssuesListByQuery" time="1.007" classname="IssueList"/>
  <testcase name="createIssue" time="4.325" classname="IssueCreation"/>
  <testcase name="createIssue" time="2.862" classname="IssueCreation">
    <failure type="java.lang.AssertionError" message="expected [201] but found [500]">
      <![CDATA[java.lang.AssertionError: expected [201] but found [500]
at IssueCreation.createIssue(IssueCreation.java:33)
... Removed 31 stack frames]]>
    </failure>
  </testcase> <!-- createIssue -->
  <testcase name="modifyIssueById" time="2.795" classname="IssueModification"/>
  <testcase name="modifyIssueById" time="0.807" classname="IssueModification"/>
  <testcase name="modifyIssueById" time="3.433" classname="IssueModification"/>
</testsuite>
