<?xml version="1.0" encoding="UTF-8"?>
<!-- Generated by org.testng.reporters.JUnitXMLReporter -->
<testsuite hostname="EXPNXT-TI9772" ignored="0" name="testcases" tests="10" failures="0" timestamp="20 Oct 2019 08:44:07 GMT" time="20.242" errors="0">
  <testcase name="getIssuesList" time="3.511" classname="Issue.testcases.IssueList"/>
  <testcase name="getIssuesListByID" time="0.883" classname="Issue.testcases.IssueList"/>
  <testcase name="getIssuesListByID" time="0.992" classname="Issue.testcases.IssueList"/>
  <testcase name="getIssuesListByQuery" time="1.006" classname="Issue.testcases.IssueList"/>
  <testcase name="getIssuesListByQuery" time="0.995" classname="Issue.testcases.IssueList"/>
  <testcase name="createIssue" time="5.041" classname="Issue.testcases.IssueCreation"/>
  <testcase name="createIssue" time="4.035" classname="Issue.testcases.IssueCreation"/>
  <testcase name="modifyIssueById" time="0.855" classname="Issue.testcases.IssueModification"/>
  <testcase name="modifyIssueById" time="0.963" classname="Issue.testcases.IssueModification"/>
  <testcase name="modifyIssueById" time="0.981" classname="Issue.testcases.IssueModification"/>
</testsuite> <!-- testcases -->
